<?xml version="1.0" encoding="UTF-8" ?>
<testsuite failures="0" time="0.054" errors="0" skipped="0" tests="9" name="test.java.fr.javafreelance.unit.GlobalSearch">
  <properties>
    <property name="java.runtime.name" value="Java(TM) SE Runtime Environment"/>
    <property name="sun.boot.library.path" value="/System/Library/Java/JavaVirtualMachines/1.6.0.jdk/Contents/Libraries"/>
    <property name="java.vm.version" value="20.1-b02-384"/>
    <property name="awt.nativeDoubleBuffering" value="true"/>
    <property name="gopherProxySet" value="false"/>
    <property name="mrj.build" value="10M3425"/>
    <property name="java.vm.vendor" value="Apple Inc."/>
    <property name="java.vendor.url" value="http://www.apple.com/"/>
    <property name="path.separator" value=":"/>
    <property name="java.vm.name" value="Java HotSpot(TM) 64-Bit Server VM"/>
    <property name="file.encoding.pkg" value="sun.io"/>
    <property name="user.country" value="US"/>
    <property name="sun.java.launcher" value="SUN_STANDARD"/>
    <property name="sun.os.patch.level" value="unknown"/>
    <property name="java.vm.specification.name" value="Java Virtual Machine Specification"/>
    <property name="user.dir" value="/Users/rigabertm/FluentLenium/fluentlenium-core"/>
    <property name="java.runtime.version" value="1.6.0_26-b03-384-10M3425"/>
    <property name="java.awt.graphicsenv" value="apple.awt.CGraphicsEnvironment"/>
    <property name="basedir" value="/Users/rigabertm/FluentLenium/fluentlenium-core"/>
    <property name="java.endorsed.dirs" value="/System/Library/Java/JavaVirtualMachines/1.6.0.jdk/Contents/Home/lib/endorsed"/>
    <property name="os.arch" value="x86_64"/>
    <property name="surefire.real.class.path" value="/Users/rigabertm/FluentLenium/fluentlenium-core/target/surefire/surefirebooter540882944528269750.jar"/>
    <property name="java.io.tmpdir" value="/var/folders/Yc/Ycqs9R73F2az9Sh70Z-glU+++TI/-Tmp-/"/>
    <property name="line.separator" value="
"/>
    <property name="java.vm.specification.vendor" value="Sun Microsystems Inc."/>
    <property name="os.name" value="Mac OS X"/>
    <property name="sun.jnu.encoding" value="MacRoman"/>
    <property name="java.library.path" value=".:/Library/Java/Extensions:/System/Library/Java/Extensions:/usr/lib/java"/>
    <property name="surefire.test.class.path" value="/Users/rigabertm/FluentLenium/fluentlenium-core/target/test-classes:/Users/rigabertm/FluentLenium/fluentlenium-core/target/classes:/Users/rigabertm/.m2/repository/org/seleniumhq/selenium/selenium-java/2.0.0/selenium-java-2.0.0.jar:/Users/rigabertm/.m2/repository/org/seleniumhq/selenium/selenium-android-driver/2.0.0/selenium-android-driver-2.0.0.jar:/Users/rigabertm/.m2/repository/org/seleniumhq/selenium/selenium-remote-driver/2.0.0/selenium-remote-driver-2.0.0.jar:/Users/rigabertm/.m2/repository/cglib/cglib-nodep/2.1_3/cglib-nodep-2.1_3.jar:/Users/rigabertm/.m2/repository/org/json/json/20080701/json-20080701.jar:/Users/rigabertm/.m2/repository/org/seleniumhq/selenium/selenium-chrome-driver/2.0.0/selenium-chrome-driver-2.0.0.jar:/Users/rigabertm/.m2/repository/org/seleniumhq/selenium/selenium-htmlunit-driver/2.0.0/selenium-htmlunit-driver-2.0.0.jar:/Users/rigabertm/.m2/repository/org/seleniumhq/selenium/selenium-api/2.0.0/selenium-api-2.0.0.jar:/Users/rigabertm/.m2/repository/com/google/guava/guava/r09/guava-r09.jar:/Users/rigabertm/.m2/repository/net/sourceforge/htmlunit/htmlunit/2.8/htmlunit-2.8.jar:/Users/rigabertm/.m2/repository/xalan/xalan/2.7.1/xalan-2.7.1.jar:/Users/rigabertm/.m2/repository/xalan/serializer/2.7.1/serializer-2.7.1.jar:/Users/rigabertm/.m2/repository/commons-collections/commons-collections/3.2.1/commons-collections-3.2.1.jar:/Users/rigabertm/.m2/repository/commons-lang/commons-lang/2.4/commons-lang-2.4.jar:/Users/rigabertm/.m2/repository/org/apache/httpcomponents/httpmime/4.0.1/httpmime-4.0.1.jar:/Users/rigabertm/.m2/repository/org/apache/james/apache-mime4j/0.6/apache-mime4j-0.6.jar:/Users/rigabertm/.m2/repository/commons-codec/commons-codec/1.4/commons-codec-1.4.jar:/Users/rigabertm/.m2/repository/net/sourceforge/htmlunit/htmlunit-core-js/2.8/htmlunit-core-js-2.8.jar:/Users/rigabertm/.m2/repository/xerces/xercesImpl/2.9.1/xercesImpl-2.9.1.jar:/Users/rigabertm/.m2/repository/xml-apis/xml-apis/1.3.04/xml-apis-1.3.04.jar:/Users/rigabertm/.m2/repository/net/sourceforge/nekohtml/nekohtml/1.9.14/nekohtml-1.9.14.jar:/Users/rigabertm/.m2/repository/net/sourceforge/cssparser/cssparser/0.9.5/cssparser-0.9.5.jar:/Users/rigabertm/.m2/repository/org/w3c/css/sac/1.3/sac-1.3.jar:/Users/rigabertm/.m2/repository/commons-logging/commons-logging/1.1.1/commons-logging-1.1.1.jar:/Users/rigabertm/.m2/repository/org/apache/httpcomponents/httpclient/4.0.2/httpclient-4.0.2.jar:/Users/rigabertm/.m2/repository/org/apache/httpcomponents/httpcore/4.0.1/httpcore-4.0.1.jar:/Users/rigabertm/.m2/repository/org/seleniumhq/selenium/selenium-firefox-driver/2.0.0/selenium-firefox-driver-2.0.0.jar:/Users/rigabertm/.m2/repository/commons-io/commons-io/2.0.1/commons-io-2.0.1.jar:/Users/rigabertm/.m2/repository/org/seleniumhq/selenium/selenium-ie-driver/2.0.0/selenium-ie-driver-2.0.0.jar:/Users/rigabertm/.m2/repository/net/java/dev/jna/jna/3.2.3/jna-3.2.3.jar:/Users/rigabertm/.m2/repository/org/seleniumhq/selenium/selenium-iphone-driver/2.0.0/selenium-iphone-driver-2.0.0.jar:/Users/rigabertm/.m2/repository/org/seleniumhq/selenium/selenium-support/2.0.0/selenium-support-2.0.0.jar:/Users/rigabertm/.m2/repository/junit/junit/4.8.2/junit-4.8.2.jar:/Users/rigabertm/.m2/repository/org/eclipse/jetty/jetty-server/7.2.2.v20101205/jetty-server-7.2.2.v20101205.jar:/Users/rigabertm/.m2/repository/javax/servlet/servlet-api/2.5/servlet-api-2.5.jar:/Users/rigabertm/.m2/repository/org/eclipse/jetty/jetty-continuation/7.2.2.v20101205/jetty-continuation-7.2.2.v20101205.jar:/Users/rigabertm/.m2/repository/org/eclipse/jetty/jetty-http/7.2.2.v20101205/jetty-http-7.2.2.v20101205.jar:/Users/rigabertm/.m2/repository/org/eclipse/jetty/jetty-io/7.2.2.v20101205/jetty-io-7.2.2.v20101205.jar:/Users/rigabertm/.m2/repository/org/eclipse/jetty/jetty-util/7.2.2.v20101205/jetty-util-7.2.2.v20101205.jar:/Users/rigabertm/.m2/repository/org/easytesting/fest-assert/1.4/fest-assert-1.4.jar:/Users/rigabertm/.m2/repository/org/easytesting/fest-util/1.1.6/fest-util-1.1.6.jar:/Users/rigabertm/.m2/repository/org/mockito/mockito-core/1.8.5/mockito-core-1.8.5.jar:/Users/rigabertm/.m2/repository/org/hamcrest/hamcrest-core/1.1/hamcrest-core-1.1.jar:/Users/rigabertm/.m2/repository/org/objenesis/objenesis/1.0/objenesis-1.0.jar:"/>
    <property name="java.specification.name" value="Java Platform API Specification"/>
    <property name="java.class.version" value="50.0"/>
    <property name="sun.management.compiler" value="HotSpot 64-Bit Tiered Compilers"/>
    <property name="os.version" value="10.6.8"/>
    <property name="http.nonProxyHosts" value="local|*.local|169.254/16|*.169.254/16"/>
    <property name="user.home" value="/Users/rigabertm"/>
    <property name="user.timezone" value=""/>
    <property name="java.awt.printerjob" value="apple.awt.CPrinterJob"/>
    <property name="java.specification.version" value="1.6"/>
    <property name="file.encoding" value="MacRoman"/>
    <property name="user.name" value="rigabertm"/>
    <property name="java.class.path" value="/Users/rigabertm/FluentLenium/fluentlenium-core/target/test-classes:/Users/rigabertm/FluentLenium/fluentlenium-core/target/classes:/Users/rigabertm/.m2/repository/org/seleniumhq/selenium/selenium-java/2.0.0/selenium-java-2.0.0.jar:/Users/rigabertm/.m2/repository/org/seleniumhq/selenium/selenium-android-driver/2.0.0/selenium-android-driver-2.0.0.jar:/Users/rigabertm/.m2/repository/org/seleniumhq/selenium/selenium-remote-driver/2.0.0/selenium-remote-driver-2.0.0.jar:/Users/rigabertm/.m2/repository/cglib/cglib-nodep/2.1_3/cglib-nodep-2.1_3.jar:/Users/rigabertm/.m2/repository/org/json/json/20080701/json-20080701.jar:/Users/rigabertm/.m2/repository/org/seleniumhq/selenium/selenium-chrome-driver/2.0.0/selenium-chrome-driver-2.0.0.jar:/Users/rigabertm/.m2/repository/org/seleniumhq/selenium/selenium-htmlunit-driver/2.0.0/selenium-htmlunit-driver-2.0.0.jar:/Users/rigabertm/.m2/repository/org/seleniumhq/selenium/selenium-api/2.0.0/selenium-api-2.0.0.jar:/Users/rigabertm/.m2/repository/com/google/guava/guava/r09/guava-r09.jar:/Users/rigabertm/.m2/repository/net/sourceforge/htmlunit/htmlunit/2.8/htmlunit-2.8.jar:/Users/rigabertm/.m2/repository/xalan/xalan/2.7.1/xalan-2.7.1.jar:/Users/rigabertm/.m2/repository/xalan/serializer/2.7.1/serializer-2.7.1.jar:/Users/rigabertm/.m2/repository/commons-collections/commons-collections/3.2.1/commons-collections-3.2.1.jar:/Users/rigabertm/.m2/repository/commons-lang/commons-lang/2.4/commons-lang-2.4.jar:/Users/rigabertm/.m2/repository/org/apache/httpcomponents/httpmime/4.0.1/httpmime-4.0.1.jar:/Users/rigabertm/.m2/repository/org/apache/james/apache-mime4j/0.6/apache-mime4j-0.6.jar:/Users/rigabertm/.m2/repository/commons-codec/commons-codec/1.4/commons-codec-1.4.jar:/Users/rigabertm/.m2/repository/net/sourceforge/htmlunit/htmlunit-core-js/2.8/htmlunit-core-js-2.8.jar:/Users/rigabertm/.m2/repository/xerces/xercesImpl/2.9.1/xercesImpl-2.9.1.jar:/Users/rigabertm/.m2/repository/xml-apis/xml-apis/1.3.04/xml-apis-1.3.04.jar:/Users/rigabertm/.m2/repository/net/sourceforge/nekohtml/nekohtml/1.9.14/nekohtml-1.9.14.jar:/Users/rigabertm/.m2/repository/net/sourceforge/cssparser/cssparser/0.9.5/cssparser-0.9.5.jar:/Users/rigabertm/.m2/repository/org/w3c/css/sac/1.3/sac-1.3.jar:/Users/rigabertm/.m2/repository/commons-logging/commons-logging/1.1.1/commons-logging-1.1.1.jar:/Users/rigabertm/.m2/repository/org/apache/httpcomponents/httpclient/4.0.2/httpclient-4.0.2.jar:/Users/rigabertm/.m2/repository/org/apache/httpcomponents/httpcore/4.0.1/httpcore-4.0.1.jar:/Users/rigabertm/.m2/repository/org/seleniumhq/selenium/selenium-firefox-driver/2.0.0/selenium-firefox-driver-2.0.0.jar:/Users/rigabertm/.m2/repository/commons-io/commons-io/2.0.1/commons-io-2.0.1.jar:/Users/rigabertm/.m2/repository/org/seleniumhq/selenium/selenium-ie-driver/2.0.0/selenium-ie-driver-2.0.0.jar:/Users/rigabertm/.m2/repository/net/java/dev/jna/jna/3.2.3/jna-3.2.3.jar:/Users/rigabertm/.m2/repository/org/seleniumhq/selenium/selenium-iphone-driver/2.0.0/selenium-iphone-driver-2.0.0.jar:/Users/rigabertm/.m2/repository/org/seleniumhq/selenium/selenium-support/2.0.0/selenium-support-2.0.0.jar:/Users/rigabertm/.m2/repository/junit/junit/4.8.2/junit-4.8.2.jar:/Users/rigabertm/.m2/repository/org/eclipse/jetty/jetty-server/7.2.2.v20101205/jetty-server-7.2.2.v20101205.jar:/Users/rigabertm/.m2/repository/javax/servlet/servlet-api/2.5/servlet-api-2.5.jar:/Users/rigabertm/.m2/repository/org/eclipse/jetty/jetty-continuation/7.2.2.v20101205/jetty-continuation-7.2.2.v20101205.jar:/Users/rigabertm/.m2/repository/org/eclipse/jetty/jetty-http/7.2.2.v20101205/jetty-http-7.2.2.v20101205.jar:/Users/rigabertm/.m2/repository/org/eclipse/jetty/jetty-io/7.2.2.v20101205/jetty-io-7.2.2.v20101205.jar:/Users/rigabertm/.m2/repository/org/eclipse/jetty/jetty-util/7.2.2.v20101205/jetty-util-7.2.2.v20101205.jar:/Users/rigabertm/.m2/repository/org/easytesting/fest-assert/1.4/fest-assert-1.4.jar:/Users/rigabertm/.m2/repository/org/easytesting/fest-util/1.1.6/fest-util-1.1.6.jar:/Users/rigabertm/.m2/repository/org/mockito/mockito-core/1.8.5/mockito-core-1.8.5.jar:/Users/rigabertm/.m2/repository/org/hamcrest/hamcrest-core/1.1/hamcrest-core-1.1.jar:/Users/rigabertm/.m2/repository/org/objenesis/objenesis/1.0/objenesis-1.0.jar:"/>
    <property name="java.vm.specification.version" value="1.0"/>
    <property name="sun.arch.data.model" value="64"/>
    <property name="java.home" value="/System/Library/Java/JavaVirtualMachines/1.6.0.jdk/Contents/Home"/>
    <property name="sun.java.command" value="/Users/rigabertm/FluentLenium/fluentlenium-core/target/surefire/surefirebooter540882944528269750.jar /Users/rigabertm/FluentLenium/fluentlenium-core/target/surefire/surefire8686326485597787863tmp /Users/rigabertm/FluentLenium/fluentlenium-core/target/surefire/surefire2574322026571428785tmp"/>
    <property name="java.specification.vendor" value="Sun Microsystems Inc."/>
    <property name="user.language" value="en"/>
    <property name="awt.toolkit" value="apple.awt.CToolkit"/>
    <property name="java.vm.info" value="mixed mode"/>
    <property name="java.version" value="1.6.0_26"/>
    <property name="java.ext.dirs" value="/Library/Java/Extensions:/System/Library/Java/Extensions:/System/Library/Java/JavaVirtualMachines/1.6.0.jdk/Contents/Home/lib/ext"/>
    <property name="sun.boot.class.path" value="/System/Library/Java/JavaVirtualMachines/1.6.0.jdk/Contents/Classes/jsfd.jar:/System/Library/Java/JavaVirtualMachines/1.6.0.jdk/Contents/Classes/classes.jar:/System/Library/Frameworks/JavaVM.framework/Frameworks/JavaRuntimeSupport.framework/Resources/Java/JavaRuntimeSupport.jar:/System/Library/Java/JavaVirtualMachines/1.6.0.jdk/Contents/Classes/ui.jar:/System/Library/Java/JavaVirtualMachines/1.6.0.jdk/Contents/Classes/laf.jar:/System/Library/Java/JavaVirtualMachines/1.6.0.jdk/Contents/Classes/sunrsasign.jar:/System/Library/Java/JavaVirtualMachines/1.6.0.jdk/Contents/Classes/jsse.jar:/System/Library/Java/JavaVirtualMachines/1.6.0.jdk/Contents/Classes/jce.jar:/System/Library/Java/JavaVirtualMachines/1.6.0.jdk/Contents/Classes/charsets.jar"/>
    <property name="java.vendor" value="Apple Inc."/>
    <property name="localRepository" value="/Users/rigabertm/.m2/repository"/>
    <property name="file.separator" value="/"/>
    <property name="java.vendor.url.bug" value="http://bugreport.apple.com/"/>
    <property name="sun.cpu.endian" value="little"/>
    <property name="sun.io.unicode.encoding" value="UnicodeLittle"/>
    <property name="mrj.version" value="1060.1.6.0_26-384"/>
    <property name="socksNonProxyHosts" value="local|*.local|169.254/16|*.169.254/16"/>
    <property name="ftp.nonProxyHosts" value="local|*.local|169.254/16|*.169.254/16"/>
    <property name="sun.cpu.isalist" value=""/>
  </properties>
  <testcase time="0.017" classname="test.java.fr.javafreelance.unit.GlobalSearch" name="findCheckCssIsWellFormed"/>
  <testcase time="0.011" classname="test.java.fr.javafreelance.unit.GlobalSearch" name="findCheckCssIsWellFormedWithPostSelector"/>
  <testcase time="0.005" classname="test.java.fr.javafreelance.unit.GlobalSearch" name="findPostSelectorFilterWithElementThatMatch"/>
  <testcase time="0.006" classname="test.java.fr.javafreelance.unit.GlobalSearch" name="findPostSelectorFilterWithElementThatDontMatch"/>
  <testcase time="0.004" classname="test.java.fr.javafreelance.unit.GlobalSearch" name="findPostSelectorFilterWithFilterOnText"/>
  <testcase time="0.003" classname="test.java.fr.javafreelance.unit.GlobalSearch" name="findByPosition"/>
  <testcase time="0.001" classname="test.java.fr.javafreelance.unit.GlobalSearch" name="shouldThrowErrorWhenPositionNotFound"/>
  <testcase time="0.002" classname="test.java.fr.javafreelance.unit.GlobalSearch" name="findFirstShouldReturnFirst"/>
  <testcase time="0.001" classname="test.java.fr.javafreelance.unit.GlobalSearch" name="shouldThrowErrorWhenFirstNotFound"/>
</testsuite>